Log file open, 02/09/18 15:25:59
LogInit:Display: Running engine for game: NeuroVR_CID_416
LogPlatformFile: Not using cached read wrapper
LogInit:Display: RandInit(-1936649847) SRandInit(-1936649847).
LogTaskGraph: Started task graph with 5 named threads and 8 total threads with 1 sets of task threads.
LogStats: Stats thread started at 3.928220
LogInit: Using libcurl 7.47.1
LogInit:  - built for x86_64-pc-win32
LogInit:  - supports SSL with OpenSSL/1.0.2g
LogInit:  - supports HTTP deflate (compression) using libz 1.2.8
LogInit:  - other features:
LogInit:      CURL_VERSION_SSL
LogInit:      CURL_VERSION_LIBZ
LogInit:      CURL_VERSION_IPV6
LogInit:      CURL_VERSION_ASYNCHDNS
LogInit:      CURL_VERSION_LARGEFILE
LogInit:      CURL_VERSION_IDN
LogInit:  CurlRequestOptions (configurable via config and command line):
LogInit:  - bVerifyPeer = false  - Libcurl will NOT verify peer certificate
LogInit:  - bUseHttpProxy = false  - Libcurl will NOT use HTTP proxy
LogInit:  - bDontReuseConnections = false  - Libcurl will reuse connections
LogInit:  - CertBundlePath = nullptr  - Libcurl will use whatever was configured at build time.
OCULUS: Info: [CAPI] LibOVR module is located at C:\Program Files\Oculus\Support\oculus-runtime\LibOVRRT64_1.dll
OCULUS: Debug: Connected to the server running version (prod = 1).1.23.0(build = 528114) feature version = 0. Client runs version (prod = 1).1.23.0(build = 0) feature version = 0
LogHMD: GearVR: Emulating GearVR using Oculus Rift!
LogInit: Build: ++UE4+Release-4.16-CL-3561208
LogInit: Engine Version: 4.16.3-3561208+++UE4+Release-4.16
LogInit: Compatible Engine Version: 4.16.0-3452394+++UE4+Release-4.16
LogInit: Net CL: 3452394
LogDevObjectVersion: Number of dev versions registered: 16
LogDevObjectVersion:   Dev-Blueprints (B0D832E4-1F89-4F0D-ACCF-7EB736FD4AA2): 9
LogDevObjectVersion:   Dev-Build (E1C64328-A22C-4D53-A36C-8E866417BD8C): 0
LogDevObjectVersion:   Dev-Core (375EC13C-06E4-48FB-B500-84F0262A717E): 2
LogDevObjectVersion:   Dev-Editor (E4B068ED-F494-42E9-A231-DA0B2E46BB41): 17
LogDevObjectVersion:   Dev-Framework (CFFC743F-43B0-4480-9391-14DF171D2073): 23
LogDevObjectVersion:   Dev-Mobile (B02B49B5-BB20-44E9-A304-32B752E40360): 0
LogDevObjectVersion:   Dev-Networking (A4E4105C-59A1-49B5-A7C5-40C4547EDFEE): 0
LogDevObjectVersion:   Dev-Online (39C831C9-5AE6-47DC-9A44-9C173E1C8E7C): 0
LogDevObjectVersion:   Dev-Physics (78F01B33-EBEA-4F98-B9B4-84EACCB95AA2): 0
LogDevObjectVersion:   Dev-Platform (6631380F-2D4D-43E0-8009-CF276956A95A): 0
LogDevObjectVersion:   Dev-Rendering (12F88B9F-8875-4AFC-A67C-D90C383ABD29): 15
LogDevObjectVersion:   Dev-Sequencer (7B5AE74C-D270-4C10-A958-57980B212A5A): 4
LogDevObjectVersion:   Dev-VR (D7296918-1DD6-4BDD-9DE2-64A83CC13884): 0
LogDevObjectVersion:   Dev-LoadTimes (C2A15278-BFE7-4AFE-6C17-90FF531DF755): 1
LogDevObjectVersion:   Private-Geometry (6EACA3D4-40EC-4CC1-B786-8BED09428FC5): 1
LogDevObjectVersion:   Dev-AnimPhys (29E575DD-E0A3-4627-9D10-D276232CDCEA): 3
LogInit: Compiled (64-bit): Jul 28 2017 11:49:47
LogInit: Compiled with Visual C++: 19.00.24215.01
LogInit: Build Configuration: Development
LogInit: Branch Name: ++UE4+Release-4.16
LogInit: Command line:  
LogInit: Base directory: C:/Program Files/Epic Games/UE_4.16/Engine/Binaries/Win64/
LogInit: Installed Engine Build: 1
LogInit: Presizing for max 8388607 objects, including 0 objects not considered by GC, pre-allocating 0 bytes for permanent pool.
LogInit: Object subsystem initialized
[2018.02.09-14.26.04:956][  0]LogInit: Selected Device Profile: [Windows]
[2018.02.09-14.26.04:956][  0]LogInit: Applying CVar settings loaded from the selected device profile: [Windows]
[2018.02.09-14.26.05:116][  0]LogInit: Computer: STARK-ROG
[2018.02.09-14.26.05:116][  0]LogInit: User: Stark
[2018.02.09-14.26.05:116][  0]LogInit: CPU Page size=4096, Cores=4
[2018.02.09-14.26.05:116][  0]LogInit: High frequency timer resolution =2.338349 MHz
[2018.02.09-14.26.05:146][  0]LogMemory: Memory total: Physical=7.9GB (8GB approx)
[2018.02.09-14.26.05:146][  0]LogMemory: Platform Memory Stats for Windows
[2018.02.09-14.26.05:146][  0]LogMemory: Process Physical Memory: 279.65 MB used, 279.65 MB peak
[2018.02.09-14.26.05:146][  0]LogMemory: Process Virtual Memory: 266.44 MB used, 266.44 MB peak
[2018.02.09-14.26.05:146][  0]LogMemory: Physical Memory: 4273.39 MB used,  3836.09 MB free, 8109.49 MB total
[2018.02.09-14.26.05:146][  0]LogMemory: Virtual Memory: 679.74 MB used,  3836.09 MB free, 134217728.00 MB total
[2018.02.09-14.26.09:290][  0]LogInit: Using OS detected language (en-US).
[2018.02.09-14.26.09:290][  0]LogInit: Using OS detected locale (fr-FR).
[2018.02.09-14.26.09:815][  0]LogTextLocalizationManager: No specific localization for 'en-US' exists, so the 'en' localization will be used.
[2018.02.09-14.26.09:833][  0]LogTextLocalizationManager: No localization for 'fr-FR' exists, so 'en-US' will be used for the locale.
[2018.02.09-14.26.16:227][  0]LogD3D11RHI: D3D11 adapters:
[2018.02.09-14.26.16:288][  0]LogD3D11RHI:    0. 'NVIDIA GeForce GTX 765M' (Feature Level 11_0)
[2018.02.09-14.26.16:288][  0]LogD3D11RHI:       2017/0/4054 MB DedicatedVideo/DedicatedSystem/SharedSystem, Outputs:1, VendorId:0x10de
[2018.02.09-14.26.16:290][  0]LogD3D11RHI:    1. 'Microsoft Basic Render Driver' (Feature Level 11_0)
[2018.02.09-14.26.16:290][  0]LogD3D11RHI:       0/0/4054 MB DedicatedVideo/DedicatedSystem/SharedSystem, Outputs:0, VendorId:0x1414
[2018.02.09-14.26.16:290][  0]LogD3D11RHI: Chosen D3D11 Adapter: 0
[2018.02.09-14.26.16:342][  0]LogD3D11RHI: Creating new Direct3DDevice
[2018.02.09-14.26.16:343][  0]LogD3D11RHI:     GPU DeviceId: 0x11e2 (for the marketing name, search the web for "GPU Device Id")
[2018.02.09-14.26.16:343][  0]LogWindows: EnumDisplayDevices:
[2018.02.09-14.26.16:343][  0]LogWindows:    0. 'NVIDIA GeForce GTX 765M' (P:1 D:1)
[2018.02.09-14.26.16:343][  0]LogWindows:    1. 'NVIDIA GeForce GTX 765M' (P:0 D:0)
[2018.02.09-14.26.16:343][  0]LogWindows:    2. 'NVIDIA GeForce GTX 765M' (P:0 D:0)
[2018.02.09-14.26.16:343][  0]LogWindows:    3. 'NVIDIA GeForce GTX 765M' (P:0 D:0)
[2018.02.09-14.26.16:343][  0]LogWindows: DebugString: FoundDriverCount:4 
[2018.02.09-14.26.16:343][  0]LogD3D11RHI:     Adapter Name: NVIDIA GeForce GTX 765M
[2018.02.09-14.26.16:343][  0]LogD3D11RHI:   Driver Version: 385.69 (internal:22.21.13.8569, unified:385.69)
[2018.02.09-14.26.16:343][  0]LogD3D11RHI:      Driver Date: 9-16-2017
[2018.02.09-14.26.16:344][  0]LogRHI: Texture pool is 1361 MB (70% of 1945 MB)
[2018.02.09-14.26.16:410][  0]LogD3D11RHI: Async texture creation enabled
[2018.02.09-14.26.16:654][  0]LogD3D11RHI: GPU Timing Frequency: 1000.000000 (Debug: 2 2)
[2018.02.09-14.26.16:764][  0]LogShaderCompilers: Guid format shader working directory is -26 characters bigger than the processId version (../../../../../../Users/Stark/Documents/Unreal Projects/NeuroVR_CID_416/Intermediate/Shaders/WorkingDirectory/15288/).
[2018.02.09-14.26.16:764][  0]LogShaderCompilers: Cleaned the shader compiler working directory 'C:/Users/Stark/AppData/Local/Temp/UnrealShaderWorkingDir/9DD7FCCD4C75DD1199FB938F1788858A/'.
[2018.02.09-14.26.16:782][  0]LogShaderCompilers:Display: Using Local Shader Compiler.
[2018.02.09-14.26.22:050][  0]LogTemp:Display: Loaded TP AllDesktopTargetPlatform
[2018.02.09-14.26.22:101][  0]LogTemp:Display: Loaded TP MacClientTargetPlatform
[2018.02.09-14.26.22:153][  0]LogTemp:Display: Loaded TP MacNoEditorTargetPlatform
[2018.02.09-14.26.22:204][  0]LogTemp:Display: Loaded TP MacServerTargetPlatform
[2018.02.09-14.26.22:280][  0]LogTemp:Display: Loaded TP MacTargetPlatform
[2018.02.09-14.26.22:331][  0]LogTemp:Display: Loaded TP WindowsClientTargetPlatform
[2018.02.09-14.26.22:381][  0]LogTemp:Display: Loaded TP WindowsNoEditorTargetPlatform
[2018.02.09-14.26.22:433][  0]LogTemp:Display: Loaded TP WindowsServerTargetPlatform
[2018.02.09-14.26.22:479][  0]LogTemp:Display: Loaded TP WindowsTargetPlatform
[2018.02.09-14.26.22:544][  0]LogTemp:Display: Loaded TP AndroidTargetPlatform
[2018.02.09-14.26.22:595][  0]LogTemp:Display: Loaded TP Android_ASTCTargetPlatform
[2018.02.09-14.26.22:645][  0]LogTemp:Display: Loaded TP Android_ATCTargetPlatform
[2018.02.09-14.26.22:695][  0]LogTemp:Display: Loaded TP Android_DXTTargetPlatform
[2018.02.09-14.26.22:747][  0]LogTemp:Display: Loaded TP Android_ETC1TargetPlatform
[2018.02.09-14.26.22:798][  0]LogTemp:Display: Loaded TP Android_ETC2TargetPlatform
[2018.02.09-14.26.22:899][  0]LogTemp:Display: Loaded TP Android_MultiTargetPlatform
[2018.02.09-14.26.22:899][  0]LogTemp:Display: Loaded TP Android_PVRTCTargetPlatform
[2018.02.09-14.26.22:940][  0]LogTemp:Display: Loaded TP HTML5TargetPlatform
[2018.02.09-14.26.23:068][  0]LogTemp:Display: Loaded TP IOSTargetPlatform
[2018.02.09-14.26.23:097][  0]LogTemp:Display: Loaded TP TVOSTargetPlatform
[2018.02.09-14.26.23:147][  0]LogTemp:Display: Loaded TP LinuxClientTargetPlatform
[2018.02.09-14.26.23:197][  0]LogTemp:Display: Loaded TP LinuxNoEditorTargetPlatform
[2018.02.09-14.26.23:246][  0]LogTemp:Display: Loaded TP LinuxServerTargetPlatform
[2018.02.09-14.26.23:318][  0]LogTemp:Display: Loaded TP LinuxTargetPlatform
[2018.02.09-14.26.23:318][  0]LogTargetPlatformManager:Display: Building Assets For Windows
[2018.02.09-14.26.24:537][  0]LogDerivedDataCache:Display: Max Cache Size: 512 MB
[2018.02.09-14.26.25:695][  0]LogDerivedDataCache: Loaded boot cache 1.16s 90MB C:/Users/Stark/AppData/Local/UnrealEngine/4.16/DerivedDataCache/Boot.ddc.
[2018.02.09-14.26.25:695][  0]LogDerivedDataCache:Display: Loaded Boot cache: C:/Users/Stark/AppData/Local/UnrealEngine/4.16/DerivedDataCache/Boot.ddc
[2018.02.09-14.26.25:695][  0]LogDerivedDataCache: FDerivedDataBackendGraph:  Pak pak cache file ../../../../../../Users/Stark/Documents/Unreal Projects/NeuroVR_CID_416/DerivedDataCache/DDC.ddp not found, will not use a pak cache.
[2018.02.09-14.26.25:695][  0]LogDerivedDataCache: Unable to find inner node Pak for hierarchical cache Hierarchy.
[2018.02.09-14.26.25:695][  0]LogDerivedDataCache: FDerivedDataBackendGraph:  CompressedPak pak cache file ../../../../../../Users/Stark/Documents/Unreal Projects/NeuroVR_CID_416/DerivedDataCache/Compressed.ddp not found, will not use a pak cache.
[2018.02.09-14.26.25:695][  0]LogDerivedDataCache: Unable to find inner node CompressedPak for hierarchical cache Hierarchy.
[2018.02.09-14.26.25:774][  0]LogDerivedDataCache:Display: Pak cache opened for reading ../../../Engine/DerivedDataCache/Compressed.ddp.
[2018.02.09-14.26.25:805][  0]LogDerivedDataCache: Using Local data cache path C:/Users/Stark/AppData/Local/UnrealEngine/Common/DerivedDataCache: Writable
[2018.02.09-14.26.25:881][  0]LogMaterial: Verifying Global Shaders for PCD3D_SM5
[2018.02.09-14.26.25:995][  0]LogSlate: Using Freetype 2.6.0
[2018.02.09-14.26.26:069][  0]LogSlate: SlateFontCache - WITH_FREETYPE: 1, WITH_HARFBUZZ: 1
[2018.02.09-14.26.26:069][  0]LogSlate: SlateFontCache - WITH_FREETYPE: 1, WITH_HARFBUZZ: 1
[2018.02.09-14.26.33:011][  0]LogInit: Selected Device Profile: [Windows]
[2018.02.09-14.26.34:391][  0]LogContentStreaming: Texture pool size is 0.00 MB
[2018.02.09-14.26.35:704][  0]LogMeshUtilities: Using QuadricMeshReduction for automatic static mesh reduction
[2018.02.09-14.26.35:901][  0]LogSimplygon: Simplygon DLL not present - disabling.
[2018.02.09-14.26.35:980][  0]LogMeshUtilities: Using SimplygonSwarm for distributed automatic mesh merging
[2018.02.09-14.26.35:980][  0]LogMeshUtilities: No automatic skeletal mesh reduction module available
[2018.02.09-14.26.35:980][  0]LogMeshUtilities: No automatic mesh merging module available
[2018.02.09-14.26.45:752][  0]LogNetVersion: NeuroVR_CID_416 , NetCL: 3452394, EngineNetVer: 2, GameNetVer: 0 (Checksum: 591581900)
[2018.02.09-14.26.46:293][  0]LogAssetRegistry: FAssetRegistry took 0.0438 seconds to start up
[2018.02.09-14.26.47:044][  0]LogPackageLocalizationCache: Processed 4 localized package path(s) for 2 prioritized culture(s) in 0.650318 seconds
[2018.02.09-14.26.47:155][  0]LogUObjectArray: 34194 objects as part of root set at end of initial load.
[2018.02.09-14.26.47:155][  0]LogUObjectAllocator: 7260424 out of 0 bytes used by permanent object pool.
[2018.02.09-14.26.47:155][  0]LogUObjectArray: CloseDisregardForGC: 0/0 objects in disregard for GC pool
[2018.02.09-14.26.47:298][  0]LogInit: WinSock: version 1.1 (2.2), MaxSocks=32767, MaxUdp=65467
[2018.02.09-14.27.12:955][  0]LogTcpMessaging: Initializing TcpMessaging bridge
[2018.02.09-14.27.13:026][  0]LogUdpMessaging: Initializing bridge on interface 0.0.0.0:0 to multicast group 230.0.0.1:6666.
[2018.02.09-14.27.14:749][  0]LogMaterial: Uniform references updated for custom material expression Custom.
[2018.02.09-14.27.16:427][  0]SourceControl: Info Source control is disabled
[2018.02.09-14.27.20:765][  0]LogAndroidPermission: UAndroidPermissionCallbackProxy::GetInstance
[2018.02.09-14.27.22:584][  0]LogEngine: Initializing Engine...
[2018.02.09-14.27.22:936][  0]LogHMD: Oculus plugin initialized. Version: 4.16.3-3561208+++UE4+Release-4.16, LibOVR: 1.23.0, SDK: 1.12.0, built Jul 28 2017, 11:57:22
[2018.02.09-14.27.24:732][  0]LogStats: UGameplayTagsManager::ConstructGameplayTagTree: Construct from data asset -  0.000 s
[2018.02.09-14.27.24:733][  0]LogStats: UGameplayTagsManager::ConstructGameplayTagTree: GameplayTagTreeChangedEvent.Broadcast -  0.000 s
[2018.02.09-14.27.25:616][  0]LogAIModule: Creating AISystem for world Untitled
[2018.02.09-14.27.26:200][  0]LogInit: XAudio2 using 'Speakers (Realtek High Definition Audio)' : 2 channels at 48 kHz using 32 bits per sample (channel mask 0x3)
[2018.02.09-14.27.26:452][  0]LogInit: FAudioDevice initialized.
[2018.02.09-14.27.26:517][  0]LogDerivedDataCache: Saved boot cache 0.06s 90MB C:/Users/Stark/AppData/Local/UnrealEngine/4.16/DerivedDataCache/Boot.ddc.
[2018.02.09-14.27.26:537][  0]LogInit: Texture streaming: Enabled
[2018.02.09-14.27.26:887][  0]LogEngineSessionManager: EngineSessionManager initialized
[2018.02.09-14.27.28:588][  0]LogInit: Transaction tracking system initialized
[2018.02.09-14.27.29:384][  0]BlueprintLog: New page: Editor Load
[2018.02.09-14.27.31:671][  0]LocalizationService: Info Localization service is disabled
[2018.02.09-14.27.33:171][  0]LogConsoleResponse:Display: 
[2018.02.09-14.27.37:296][  0]LogFileCache: Scanning file cache for directory 'C:/Users/Stark/Documents/Unreal Projects/NeuroVR_CID_416/Content/' took 0.02s
[2018.02.09-14.27.37:296][  0]LogCook:Display: Max memory allowance for cook 16384mb min free memory 0mb
[2018.02.09-14.27.37:308][  0]LogCook:Display: Mobile HDR setting 1
[2018.02.09-14.27.41:149][  0]Cmd: MAP LOAD FILE="../../../../../../Users/Stark/Documents/Unreal Projects/NeuroVR_CID_416/Content/VirtualRealityBP/Maps/MotionControllerMap.umap" TEMPLATE=0 SHOWPROGRESS=1 FEATURELEVEL=3
[2018.02.09-14.27.41:179][  0]LightingResults: New page: Lighting Build
[2018.02.09-14.27.41:547][  0]MapCheck: New page: Map Check
[2018.02.09-14.27.41:547][  0]LightingResults: New page: Lighting Build
[2018.02.09-14.27.45:831][  0]LogAIModule: Creating AISystem for world MotionControllerMap
[2018.02.09-14.27.46:460][  0]LogMaterial:Warning: Material /Game/VirtualReality/Materials/M_SplineArcMat.M_SplineArcMat needed to have new flag set bUsedWithStaticLighting !
[2018.02.09-14.27.46:462][  0]LogMaterial: Missing cached shader map for material M_SplineArcMat, compiling. 
[2018.02.09-14.27.46:564][  0]MapCheck:Warning: Warning M_SplineArcMat Material /Game/VirtualReality/Materials/M_SplineArcMat.M_SplineArcMat was missing the usage flag bUsedWithStaticLighting. If the material asset is not re-saved, it may not render correctly when run outside the editor. Fix
[2018.02.09-14.27.47:180][  0]LogEditorServer: Finished looking for orphan Actors (0.000 secs)
[2018.02.09-14.27.47:572][  0]Cmd: MAP CHECKDEP NOCLEARLOG
[2018.02.09-14.27.47:708][  0]MapCheck: Info Map check complete: 0 Error(s), 1 Warning(s), took 66.751ms to complete.
[2018.02.09-14.27.48:108][  0]LogFileHelpers: Loading map 'MotionControllerMap' took 6.982
[2018.02.09-14.27.51:412][  0]LogCollectionManager: Loaded 0 collections in 0.001901 seconds
[2018.02.09-14.27.51:613][  0]LogFileCache: Scanning file cache for directory 'C:/Users/Stark/Documents/Unreal Projects/NeuroVR_CID_416/Saved/Collections/' took 0.01s
[2018.02.09-14.27.51:613][  0]LogFileCache: Scanning file cache for directory 'C:/Users/Stark/Documents/Unreal Projects/NeuroVR_CID_416/Content/Developers/Stark/Collections/' took 0.01s
[2018.02.09-14.27.51:613][  0]LogFileCache: Scanning file cache for directory 'C:/Users/Stark/Documents/Unreal Projects/NeuroVR_CID_416/Content/Collections/' took 0.01s
[2018.02.09-14.27.51:613][  0]LogCollectionManager: Rebuilt the GUID cache for 0 collections in 0.000003 seconds
[2018.02.09-14.27.51:629][  0]LogContentBrowser: Native class hierarchy populated in 0.0144 seconds. Added 2329 classes and 491 folders.
[2018.02.09-14.27.51:834][  0]LogContentBrowser: Native class hierarchy updated for 'WidgetCarousel' in 0.0007 seconds. Added 0 classes and 0 folders.
[2018.02.09-14.27.53:785][  0]LogContentBrowser: Native class hierarchy updated for 'AddContentDialog' in 0.0006 seconds. Added 0 classes and 0 folders.
[2018.02.09-14.27.53:931][  0]LogContentBrowser: Native class hierarchy updated for 'SceneOutliner' in 0.0006 seconds. Added 1 classes and 2 folders.
[2018.02.09-14.27.54:627][  0]LogCrashTracker: Crashtracker disabled due to settings.
[2018.02.09-14.27.54:760][  0]LogSlate: Took 0.017495 seconds to synchronously load lazily loaded font '../../../Engine/Content/Slate/Fonts/Roboto-Regular.ttf' (155K)
[2018.02.09-14.27.54:787][  0]LogSlate: Took 0.024220 seconds to synchronously load lazily loaded font '../../../Engine/Content/Slate/Fonts/Roboto-Bold.ttf' (160K)
[2018.02.09-14.27.54:858][  0]LogSlate: Took 0.026088 seconds to synchronously load lazily loaded font '../../../Engine/Content/Editor/Slate/Fonts/FontAwesome.ttf' (139K)
[2018.02.09-14.27.55:474][  0]LogRenderer: Reallocating scene render targets to support 1208x576 NumSamples 1 (Frame:1).
[2018.02.09-14.27.56:486][  0]LogUObjectGlobals:Warning: Failed to find object 'Class None.'
[2018.02.09-14.27.56:684][  0]LogContentBrowser: Native class hierarchy updated for 'HierarchicalLODOutliner' in 0.0006 seconds. Added 1 classes and 2 folders.
[2018.02.09-14.27.56:684][  0]LogLoad: (Engine Initialization) Total time: 129.68 seconds
[2018.02.09-14.27.56:684][  0]LogLoad: (Engine Initialization) Total Blueprint compile time: 1.11 seconds
[2018.02.09-14.27.56:684][  0]LogExternalProfiler: Found external profiler: VSPerf
[2018.02.09-14.27.56:684][  0]LogExternalProfiler: Using external profiler: VSPerf
[2018.02.09-14.27.57:093][  0]LogOcInput: OculusInput pre-init called
[2018.02.09-14.27.57:108][  0]LogOcInput: OculusInput is initialized. Init status 0. Runtime version: 1.23.0
[2018.02.09-14.27.57:137][  0]LogHMD: Starting GearVRController plugin
[2018.02.09-14.27.57:264][  0]SourceControl: Info On branch master
[2018.02.09-14.27.57:264][  0]SourceControl: Info Your branch is up-to-date with 'origin/master'.
[2018.02.09-14.27.57:264][  0]SourceControl: Info Changes to be committed:
[2018.02.09-14.27.57:264][  0]SourceControl: Info   (use "git reset HEAD <file>..." to unstage)
[2018.02.09-14.27.57:264][  0]SourceControl: Info 	new file:   Content/Developers/Yanis/MP_ViveCam.uasset
[2018.02.09-14.27.57:264][  0]SourceControl: Info 	new file:   Content/Developers/Yanis/MP_ViveCamActorClass.uasset
[2018.02.09-14.27.57:264][  0]SourceControl: Info 	new file:   Content/Developers/Yanis/MP_ViveCamMaterial.uasset
[2018.02.09-14.27.57:264][  0]SourceControl: Info 	new file:   Content/Developers/Yanis/MP_ViveCam_Video.uasset
[2018.02.09-14.27.57:264][  0]SourceControl: Info Changes not staged for commit:
[2018.02.09-14.27.57:264][  0]SourceControl: Info   (use "git add/rm <file>..." to update what will be committed)
[2018.02.09-14.27.57:264][  0]SourceControl: Info   (use "git checkout -- <file>..." to discard changes in working directory)
[2018.02.09-14.27.57:264][  0]SourceControl: Info 	modified:   Config/DefaultEngine.ini
[2018.02.09-14.27.57:264][  0]SourceControl: Info 	modified:   Content/Developers/Yanis/MP_ViveCamActorClass.uasset
[2018.02.09-14.27.57:264][  0]SourceControl: Info 	modified:   Content/Developers/Yanis/MP_ViveCamMaterial.uasset
[2018.02.09-14.27.57:264][  0]SourceControl: Info 	modified:   Intermediate/CachedAssetRegistry.bin
[2018.02.09-14.27.57:264][  0]SourceControl: Info 	modified:   Saved/AutoScreenshot.png
[2018.02.09-14.27.57:264][  0]SourceControl: Info 	deleted:    Saved/Config/CrashReportClient/UE4CC-Windows-22A61FF04B8AA9CF836C27B04B059809/CrashReportClient.ini
[2018.02.09-14.27.57:264][  0]SourceControl: Info 	deleted:    Saved/Config/CrashReportClient/UE4CC-Windows-BD00BBB34875F0159D44179F80B3011C/CrashReportClient.ini
[2018.02.09-14.27.57:264][  0]SourceControl: Info 	modified:   Saved/Config/Windows/Editor.ini
[2018.02.09-14.27.57:264][  0]SourceControl: Info 	modified:   Saved/Config/Windows/EditorPerProjectUserSettings.ini
[2018.02.09-14.27.57:264][  0]SourceControl: Info 	modified:   Saved/Config/Windows/Engine.ini
[2018.02.09-14.27.57:264][  0]SourceControl: Info 	deleted:    Saved/Logs/NeuroVR_CID_416-backup-2017.11.30-17.03.39.log
[2018.02.09-14.27.57:264][  0]SourceControl: Info 	modified:   Saved/Logs/NeuroVR_CID_416.log
[2018.02.09-14.27.57:264][  0]SourceControl: Info Untracked files:
[2018.02.09-14.27.57:264][  0]SourceControl: Info   (use "git add <file>..." to include in what will be committed)
[2018.02.09-14.27.57:264][  0]SourceControl: Info 	Saved/Autosaves/Game/
[2018.02.09-14.27.57:264][  0]SourceControl: Info 	Saved/Backup/MP_ViveCamActorClass_2018-02-02-15-29-30.uasset
[2018.02.09-14.27.57:264][  0]SourceControl: Info 	Saved/Backup/MP_ViveCamActorClass_2018-02-02-15-36-56.uasset
[2018.02.09-14.27.57:264][  0]SourceControl: Info 	Saved/Backup/MP_ViveCamMaterial_2018-02-02-15-27-08.uasset
[2018.02.09-14.27.57:264][  0]SourceControl: Info 	Saved/Backup/TestFile_2018-01-26-17-18-21.uasset
[2018.02.09-14.27.57:264][  0]SourceControl: Info 	Saved/Config/CrashReportClient/UE4CC-Windows-BABAA5664F2FD93C768E3C924F0C59D3/
[2018.02.09-14.27.57:264][  0]SourceControl: Info 	Saved/Config/Windows/SourceControlSettings.ini
[2018.02.09-14.27.57:264][  0]SourceControl: Info 	Saved/Logs/NeuroVR_CID_416-backup-2018.02.09-15.25.59.log
[2018.02.09-14.27.57:297][  0]LogContentStreaming: Texture pool size now 1000 MB
[2018.02.09-14.27.57:984][  2]LogAssetRegistry: Asset discovery search completed in 71.7130 seconds
[2018.02.09-14.27.57:986][  2]LogCollectionManager: Rebuilt the object cache for 0 collections in 0.000001 seconds (found 0 objects)
[2018.02.09-14.27.57:986][  2]LogCollectionManager: Fixed up redirectors for 0 collections in 0.000024 seconds (updated 0 objects)
[2018.02.09-14.32.01:547][997]SourceControl: Info fatal: C:/Program Files/Epic Games/UE_4.16/Engine/Content/: 'C:/Program Files/Epic Games/UE_4.16/Engine/Content/' is outside repository
[2018.02.09-14.32.01:682][997]EditorErrors:Warning: Warning No assets to check in!
[2018.02.09-14.34.07:660][655]SourceControl: Info On branch master
[2018.02.09-14.34.07:660][655]SourceControl: Info Your branch is up-to-date with 'origin/master'.
[2018.02.09-14.34.07:660][655]SourceControl: Info Changes to be committed:
[2018.02.09-14.34.07:660][655]SourceControl: Info   (use "git reset HEAD <file>..." to unstage)
[2018.02.09-14.34.07:660][655]SourceControl: Info 	new file:   Content/Developers/Yanis/MP_ViveCam.uasset
[2018.02.09-14.34.07:660][655]SourceControl: Info 	new file:   Content/Developers/Yanis/MP_ViveCamActorClass.uasset
[2018.02.09-14.34.07:660][655]SourceControl: Info 	new file:   Content/Developers/Yanis/MP_ViveCamMaterial.uasset
[2018.02.09-14.34.07:660][655]SourceControl: Info 	new file:   Content/Developers/Yanis/MP_ViveCam_Video.uasset
[2018.02.09-14.34.07:660][655]SourceControl: Info Changes not staged for commit:
[2018.02.09-14.34.07:660][655]SourceControl: Info   (use "git add/rm <file>..." to update what will be committed)
[2018.02.09-14.34.07:660][655]SourceControl: Info   (use "git checkout -- <file>..." to discard changes in working directory)
[2018.02.09-14.34.07:660][655]SourceControl: Info 	modified:   Config/DefaultEngine.ini
[2018.02.09-14.34.07:660][655]SourceControl: Info 	modified:   Content/Developers/Yanis/MP_ViveCamActorClass.uasset
[2018.02.09-14.34.07:660][655]SourceControl: Info 	modified:   Content/Developers/Yanis/MP_ViveCamMaterial.uasset
[2018.02.09-14.34.07:660][655]SourceControl: Info 	modified:   Intermediate/CachedAssetRegistry.bin
[2018.02.09-14.34.07:660][655]SourceControl: Info 	modified:   Saved/AutoScreenshot.png
[2018.02.09-14.34.07:660][655]SourceControl: Info 	deleted:    Saved/Config/CrashReportClient/UE4CC-Windows-22A61FF04B8AA9CF836C27B04B059809/CrashReportClient.ini
[2018.02.09-14.34.07:660][655]SourceControl: Info 	deleted:    Saved/Config/CrashReportClient/UE4CC-Windows-BD00BBB34875F0159D44179F80B3011C/CrashReportClient.ini
[2018.02.09-14.34.07:661][655]SourceControl: Info 	modified:   Saved/Config/Windows/Editor.ini
[2018.02.09-14.34.07:661][655]SourceControl: Info 	modified:   Saved/Config/Windows/EditorPerProjectUserSettings.ini
[2018.02.09-14.34.07:661][655]SourceControl: Info 	modified:   Saved/Config/Windows/Engine.ini
[2018.02.09-14.34.07:661][655]SourceControl: Info 	deleted:    Saved/Logs/NeuroVR_CID_416-backup-2017.11.30-17.03.39.log
[2018.02.09-14.34.07:661][655]SourceControl: Info 	modified:   Saved/Logs/NeuroVR_CID_416.log
[2018.02.09-14.34.07:661][655]SourceControl: Info Untracked files:
[2018.02.09-14.34.07:661][655]SourceControl: Info   (use "git add <file>..." to include in what will be committed)
[2018.02.09-14.34.07:661][655]SourceControl: Info 	Saved/Autosaves/Game/
[2018.02.09-14.34.07:661][655]SourceControl: Info 	Saved/Backup/MP_ViveCamActorClass_2018-02-02-15-29-30.uasset
[2018.02.09-14.34.07:661][655]SourceControl: Info 	Saved/Backup/MP_ViveCamActorClass_2018-02-02-15-36-56.uasset
[2018.02.09-14.34.07:661][655]SourceControl: Info 	Saved/Backup/MP_ViveCamMaterial_2018-02-02-15-27-08.uasset
[2018.02.09-14.34.07:661][655]SourceControl: Info 	Saved/Backup/TestFile_2018-01-26-17-18-21.uasset
[2018.02.09-14.34.07:661][655]SourceControl: Info 	Saved/Config/CrashReportClient/UE4CC-Windows-BABAA5664F2FD93C768E3C924F0C59D3/
[2018.02.09-14.34.07:661][655]SourceControl: Info 	Saved/Config/Windows/SourceControlSettings.ini
[2018.02.09-14.34.07:661][655]SourceControl: Info 	Saved/Logs/NeuroVR_CID_416-backup-2018.02.09-15.25.59.log
[2018.02.09-14.36.18:880][406]LogEditorViewport: Clicking on Actor (LMB): BP_PickupCube_C (EditorCube40)
[2018.02.09-14.36.21:339][482]Cmd: DELETE
[2018.02.09-14.36.21:339][482]Cmd: ACTOR DELETE
[2018.02.09-14.36.21:510][482]LogEditorActor: Deleted Actor: BP_PickupCube_C
[2018.02.09-14.36.21:644][482]LogEditorActor: Deleted 1 Actors (0.192 secs)
[2018.02.09-14.36.23:680][582]LogSlate: Took 0.018848 seconds to synchronously load lazily loaded font '../../../Engine/Content/Slate/Fonts/Roboto-Light.ttf' (159K)
[2018.02.09-14.36.24:168][582]LogSavePackage: Save=399.68ms
[2018.02.09-14.36.24:168][582]LogSavePackage: Moving '../../../../../../Users/Stark/Documents/Unreal Projects/NeuroVR_CID_416/Saved/MotionControllerMap35D341E0490FAD93EB962C9C7D0C6E58.tmp' to '../../../../../../Users/Stark/Documents/Unreal Projects/NeuroVR_CID_416/Content/VirtualRealityBP/Maps/MotionControllerMap.umap'
[2018.02.09-14.36.24:175][582]LogSavePackage:Display: Finished SavePackage ../../../../../../Users/Stark/Documents/Unreal Projects/NeuroVR_CID_416/Content/VirtualRealityBP/Maps/MotionControllerMap.umap
[2018.02.09-14.36.24:902][582]LogSavePackage: Save=234.17ms
[2018.02.09-14.36.24:902][582]LogSavePackage: Moving '../../../../../../Users/Stark/Documents/Unreal Projects/NeuroVR_CID_416/Saved/MotionControllerMap_BuiltData8257F2B743827301895666A5DC86771B.tmp' to '../../../../../../Users/Stark/Documents/Unreal Projects/NeuroVR_CID_416/Content/VirtualRealityBP/Maps/MotionControllerMap_BuiltData.uasset'
[2018.02.09-14.36.24:904][582]LogSavePackage:Display: Finished SavePackage ../../../../../../Users/Stark/Documents/Unreal Projects/NeuroVR_CID_416/Content/VirtualRealityBP/Maps/MotionControllerMap_BuiltData.uasset
[2018.02.09-14.36.32:894][ 57]SourceControl: Info fatal: C:/Program Files/Epic Games/UE_4.16/Engine/Content/: 'C:/Program Files/Epic Games/UE_4.16/Engine/Content/' is outside repository
[2018.02.09-14.36.48:720][ 57]LogSourceControl: FGitCheckInWorker: commit successful
[2018.02.09-14.36.48:881][ 57]SourceControl: Info [master 71c8e98] TestSuppressionCube
[2018.02.09-14.36.48:881][ 57]SourceControl: Info  2 files changed, 0 insertions(+), 0 deletions(-)
[2018.02.09-14.36.48:885][ 57]SourceControl: Info Commited [master 71c8e98] TestSuppressionCube.
[2018.02.09-14.47.41:503][193]SourceControl: Info fatal: C:/Program Files/Epic Games/UE_4.16/Engine/Content/: 'C:/Program Files/Epic Games/UE_4.16/Engine/Content/' is outside repository
[2018.02.09-14.47.41:938][193]EditorErrors:Warning: Warning No assets to check in!
[2018.02.09-14.53.52:503][787]SourceControl: Info On branch master
[2018.02.09-14.53.52:503][787]SourceControl: Info Your branch and 'origin/master' have diverged,
[2018.02.09-14.53.52:503][787]SourceControl: Info and have 2 and 3 different commits each, respectively.
[2018.02.09-14.53.52:503][787]SourceControl: Info   (use "git pull" to merge the remote branch into yours)
[2018.02.09-14.53.52:503][787]SourceControl: Info Changes not staged for commit:
[2018.02.09-14.53.52:503][787]SourceControl: Info   (use "git add/rm <file>..." to update what will be committed)
[2018.02.09-14.53.52:503][787]SourceControl: Info   (use "git checkout -- <file>..." to discard changes in working directory)
[2018.02.09-14.53.52:503][787]SourceControl: Info 	modified:   Config/DefaultEngine.ini
[2018.02.09-14.53.52:504][787]SourceControl: Info 	modified:   Content/Developers/Yanis/MP_ViveCamActorClass.uasset
[2018.02.09-14.53.52:504][787]SourceControl: Info 	modified:   Content/Developers/Yanis/MP_ViveCamMaterial.uasset
[2018.02.09-14.53.52:504][787]SourceControl: Info 	modified:   Intermediate/CachedAssetRegistry.bin
[2018.02.09-14.53.52:504][787]SourceControl: Info 	modified:   Saved/AutoScreenshot.png
[2018.02.09-14.53.52:504][787]SourceControl: Info 	modified:   Saved/Autosaves/PackageRestoreData.json
[2018.02.09-14.53.52:504][787]SourceControl: Info 	deleted:    Saved/Config/CrashReportClient/UE4CC-Windows-22A61FF04B8AA9CF836C27B04B059809/CrashReportClient.ini
[2018.02.09-14.53.52:504][787]SourceControl: Info 	deleted:    Saved/Config/CrashReportClient/UE4CC-Windows-BD00BBB34875F0159D44179F80B3011C/CrashReportClient.ini
[2018.02.09-14.53.52:504][787]SourceControl: Info 	modified:   Saved/Config/Windows/Editor.ini
[2018.02.09-14.53.52:504][787]SourceControl: Info 	modified:   Saved/Config/Windows/EditorPerProjectUserSettings.ini
[2018.02.09-14.53.52:504][787]SourceControl: Info 	modified:   Saved/Config/Windows/Engine.ini
[2018.02.09-14.53.52:504][787]SourceControl: Info 	deleted:    Saved/Logs/NeuroVR_CID_416-backup-2017.11.30-17.03.39.log
[2018.02.09-14.53.52:504][787]SourceControl: Info 	modified:   Saved/Logs/NeuroVR_CID_416.log
[2018.02.09-14.53.52:504][787]SourceControl: Info Untracked files:
[2018.02.09-14.53.52:504][787]SourceControl: Info   (use "git add <file>..." to include in what will be committed)
[2018.02.09-14.53.52:504][787]SourceControl: Info 	Content/VirtualRealityBP/Blueprints/Character_Blueprint.uasset
[2018.02.09-14.53.52:505][787]SourceControl: Info 	Content/VirtualRealityBP/Blueprints/Sphere_Blueprint.uasset
[2018.02.09-14.53.52:505][787]SourceControl: Info 	Content/VirtualRealityBP/Blueprints/ToolSelectionMenu.uasset
[2018.02.09-14.53.52:505][787]SourceControl: Info 	Saved/Autosaves/Game/
[2018.02.09-14.53.52:505][787]SourceControl: Info 	Saved/Backup/MP_ViveCamActorClass_2018-02-02-15-29-30.uasset
[2018.02.09-14.53.52:505][787]SourceControl: Info 	Saved/Backup/MP_ViveCamActorClass_2018-02-02-15-36-56.uasset
[2018.02.09-14.53.52:505][787]SourceControl: Info 	Saved/Backup/MP_ViveCamMaterial_2018-02-02-15-27-08.uasset
[2018.02.09-14.53.52:505][787]SourceControl: Info 	Saved/Backup/MotionControllerMap_2018-02-09-15-36-23.umap
[2018.02.09-14.53.52:505][787]SourceControl: Info 	Saved/Backup/MotionControllerMap_BuiltData_2018-02-09-15-36-24.uasset
[2018.02.09-14.53.52:505][787]SourceControl: Info 	Saved/Backup/TestFile_2018-01-26-17-18-21.uasset
[2018.02.09-14.53.52:505][787]SourceControl: Info 	Saved/Config/CrashReportClient/UE4CC-Windows-BABAA5664F2FD93C768E3C924F0C59D3/
[2018.02.09-14.53.52:505][787]SourceControl: Info 	Saved/Config/Windows/SourceControlSettings.ini
[2018.02.09-14.53.52:505][787]SourceControl: Info 	Saved/Logs/NeuroVR_CID_416-backup-2018.02.09-15.25.59.log
[2018.02.09-14.53.52:505][787]SourceControl: Info no changes added to commit (use "git add" and/or "git commit -a")
